<?xml version="1.0" encoding="UTF-8"?>
<!-- Generated by org.testng.reporters.JUnitXMLReporter -->
<testsuite ignored="2" hostname="DESKTOP-5GHNI8Q" failures="1" tests="3" name="Test" time="136.273" errors="0" timestamp="2024-01-08T21:55:10 GMT-06:00">
  <testcase classname="ContactTest.CreateContactTextwithLeadSource" name="CreateContactWithMandatoryInfo" time="37.607"/>
  <testcase classname="ContactTest.CreateContactTestNg" name="CreateContactWithMandatoryInfo" time="29.732"/>
  <testcase classname="ContactTest.CreateContactTestNg" name="demoTst" time="0.005">
    <failure type="java.lang.AssertionError" message="null">
      <![CDATA[java.lang.AssertionError: null
at ContactTest.CreateContactTestNg.demoTst(CreateContactTestNg.java:47)
at java.base/java.util.ArrayList.forEach(ArrayList.java:1511)
... Removed 29 stack frames]]>
    </failure>
  </testcase> <!-- demoTst -->
  <testcase classname="GenericUtilities.BaseClass" name="@AfterSuite asConfig" time="0.0">
    <ignored/>
  </testcase> <!-- @AfterSuite asConfig -->
  <testcase classname="GenericUtilities.BaseClass" name="@BeforeSuite bsConfig" time="0.0">
    <ignored/>
  </testcase> <!-- @BeforeSuite bsConfig -->
</testsuite> <!-- Test -->
