<?xml version="1.0" encoding="UTF-8"?>
<testng-results ignored="0" total="1" passed="1" failed="0" skipped="0">
  <reporter-output>
  </reporter-output>
  <suite started-at="2024-01-15T20:04:35 GMT-06:00" name="Default suite" finished-at="2024-01-15T20:04:36 GMT-06:00" duration-ms="298">
    <groups>
    </groups>
    <test started-at="2024-01-15T20:04:35 GMT-06:00" name="Default test" finished-at="2024-01-15T20:04:36 GMT-06:00" duration-ms="298">
      <class name="Practice.ReadDataFromCmdLine">
        <test-method signature="sample()[pri:0, instance:Practice.ReadDataFromCmdLine@4b45a2f5]" started-at="2024-01-15T20:04:36 GMT-06:00" name="sample" finished-at="2024-01-15T20:04:36 GMT-06:00" duration-ms="41" status="PASS">
          <reporter-output>
          </reporter-output>
        </test-method> <!-- sample -->
      </class> <!-- Practice.ReadDataFromCmdLine -->
    </test> <!-- Default test -->
  </suite> <!-- Default suite -->
</testng-results>
